d:\elixir\elixiranticheat_build\elixiranticheat\autoinstall\x64\debug\vc143.pdb
d:\elixir\elixiranticheat_build\elixiranticheat\autoinstall\x64\debug\vc143.idb
d:\elixir\elixiranticheat_build\elixiranticheat\autoinstall\x64\debug\autoinstall.obj
d:\elixir\elixiranticheat_build\elixiranticheat\x64\debug\autoinstall.pdb
d:\elixir\elixiranticheat_build\elixiranticheat\autoinstall\x64\debug\autoinstall.tlog\cl.command.1.tlog
d:\elixir\elixiranticheat_build\elixiranticheat\autoinstall\x64\debug\autoinstall.tlog\cl.read.1.tlog
d:\elixir\elixiranticheat_build\elixiranticheat\autoinstall\x64\debug\autoinstall.tlog\cl.write.1.tlog
d:\elixir\elixiranticheat_build\elixiranticheat\autoinstall\x64\debug\autoinstall.tlog\link-cvtres.read.1.tlog
d:\elixir\elixiranticheat_build\elixiranticheat\autoinstall\x64\debug\autoinstall.tlog\link-cvtres.write.1.tlog
d:\elixir\elixiranticheat_build\elixiranticheat\autoinstall\x64\debug\autoinstall.tlog\link-rc.read.1.tlog
d:\elixir\elixiranticheat_build\elixiranticheat\autoinstall\x64\debug\autoinstall.tlog\link-rc.write.1.tlog
d:\elixir\elixiranticheat_build\elixiranticheat\autoinstall\x64\debug\autoinstall.tlog\link.4992-cvtres.read.1.tlog
d:\elixir\elixiranticheat_build\elixiranticheat\autoinstall\x64\debug\autoinstall.tlog\link.4992-cvtres.write.1.tlog
d:\elixir\elixiranticheat_build\elixiranticheat\autoinstall\x64\debug\autoinstall.tlog\link.4992-rc.read.1.tlog
d:\elixir\elixiranticheat_build\elixiranticheat\autoinstall\x64\debug\autoinstall.tlog\link.4992-rc.write.1.tlog
d:\elixir\elixiranticheat_build\elixiranticheat\autoinstall\x64\debug\autoinstall.tlog\link.4992.read.1.tlog
d:\elixir\elixiranticheat_build\elixiranticheat\autoinstall\x64\debug\autoinstall.tlog\link.4992.read.2.tlog
d:\elixir\elixiranticheat_build\elixiranticheat\autoinstall\x64\debug\autoinstall.tlog\link.4992.write.1.tlog
d:\elixir\elixiranticheat_build\elixiranticheat\autoinstall\x64\debug\autoinstall.tlog\link.command.1.tlog
d:\elixir\elixiranticheat_build\elixiranticheat\autoinstall\x64\debug\autoinstall.tlog\link.read.1.tlog
d:\elixir\elixiranticheat_build\elixiranticheat\autoinstall\x64\debug\autoinstall.tlog\link.read.2.tlog
d:\elixir\elixiranticheat_build\elixiranticheat\autoinstall\x64\debug\autoinstall.tlog\link.write.1.tlog
